
> hero_scout_next@0.1.0 build
> next build

- info Loaded env from D:\hero_scout_next\.env
- info Creating an optimized production build...
- info Compiled successfully
- info Linting and checking validity of types...
- info Collecting page data...
- info Generating static pages (0/4)
- info Generating static pages (1/4)
- info Generating static pages (2/4)
- info Generating static pages (3/4)
- info Generating static pages (4/4)
- info Finalizing page optimization...

Route (app)                                Size     First Load JS
Γöî Γùï /                                      359 B           116 kB
Γöö Γùï /icon.ico                              0 B                0 B
+ First Load JS shared by all              115 kB
  Γö£ chunks/558-b0e23077680d5b81.js         10.9 kB
  Γö£ chunks/698-70c8787dd8ce0c69.js         25.1 kB
  Γö£ chunks/786-b820c650452112c6.js         26.6 kB
  Γö£ chunks/bce60fc1-3487d54ae581abeb.js    50.5 kB
  Γö£ chunks/e218cc02-1090acedf71b0072.js    270 B
  Γö£ chunks/main-app-8febfaef6ded46a7.js    212 B
  Γöö chunks/webpack-c7cecae90fc07763.js     1.77 kB

Route (pages)                              Size     First Load JS
ΓöÇ Γùï /404                                   181 B          75.6 kB
+ First Load JS shared by all              75.4 kB
  Γö£ chunks/framework-8883d1e9be70c3da.js   45 kB
  Γö£ chunks/main-f7babc1f2dca1691.js        28.4 kB
  Γö£ chunks/pages/_app-b75b9482ff6ea491.js  195 B
  Γöö chunks/webpack-c7cecae90fc07763.js     1.77 kB

Γùï  (Static)  automatically rendered as static HTML (uses no initial props)

